<?xml version="1.0" encoding="UTF-8"?>
<!-- Generated by org.testng.reporters.JUnitReportReporter -->
<testsuite hostname="CL-NB-918" failures="0" tests="1" name="frameWorkAutomatizacionA_Castro.automatizacion.Rahul" time="8.012" errors="0" timestamp="2021-11-14T12:18:51 CLST" skipped="0">
  <testcase classname="frameWorkAutomatizacionA_Castro.automatizacion.Rahul" name="initialDemo" time="8.012"/>
  <system-out/>
</testsuite> <!-- frameWorkAutomatizacionA_Castro.automatizacion.Rahul -->
