<?xml version="1.0" encoding="UTF-8"?>
<!-- Generated by org.testng.reporters.JUnitReportReporter -->
<testsuite hostname="CL-NB-918" failures="0" tests="12" name="frameWorkAutomatizacionA_Castro.automatizacion.LoginCorrecto" time="43.125" errors="0" timestamp="2021-11-17T20:17:47 CLST" skipped="0">
  <testcase classname="frameWorkAutomatizacionA_Castro.automatizacion.LoginCorrecto" name="eliminarTablero" time="1.204"/>
  <system-out/>
  <testcase classname="frameWorkAutomatizacionA_Castro.automatizacion.LoginCorrecto" name="addEtiqueta" time="0.296"/>
  <system-out/>
  <testcase classname="frameWorkAutomatizacionA_Castro.automatizacion.LoginCorrecto" name="addDescripTarj" time="0.340"/>
  <system-out/>
  <testcase classname="frameWorkAutomatizacionA_Castro.automatizacion.LoginCorrecto" name="agregarTarjeta" time="3.318"/>
  <system-out/>
  <testcase classname="frameWorkAutomatizacionA_Castro.automatizacion.LoginCorrecto" name="adjuntarImagen" time="0.719"/>
  <system-out/>
  <testcase classname="frameWorkAutomatizacionA_Castro.automatizacion.LoginCorrecto" name="Navegacion_Pag_Trello" time="8.354"/>
  <system-out/>
  <testcase classname="frameWorkAutomatizacionA_Castro.automatizacion.LoginCorrecto" name="moverTarjeta" time="0.452"/>
  <system-out/>
  <testcase classname="frameWorkAutomatizacionA_Castro.automatizacion.LoginCorrecto" name="crearTablero" time="17.556"/>
  <system-out/>
  <testcase classname="frameWorkAutomatizacionA_Castro.automatizacion.LoginCorrecto" name="crearlista" time="6.299"/>
  <system-out/>
  <testcase classname="frameWorkAutomatizacionA_Castro.automatizacion.LoginCorrecto" name="addComentario" time="0.587"/>
  <system-out/>
  <testcase classname="frameWorkAutomatizacionA_Castro.automatizacion.LoginCorrecto" name="selectdate" time="0.843"/>
  <system-out/>
  <testcase classname="frameWorkAutomatizacionA_Castro.automatizacion.LoginCorrecto" name="agregarPropiedades" time="3.157"/>
  <system-out/>
</testsuite> <!-- frameWorkAutomatizacionA_Castro.automatizacion.LoginCorrecto -->
