<?xml version="1.0" encoding="UTF-8"?>
<!-- Generated by org.testng.reporters.JUnitReportReporter -->
<testsuite hostname="CL-NB-918" failures="0" tests="1" name="frameWorkAutomatizacionA_Castro.automatizacion.PageTrello" time="2.775" errors="0" timestamp="2021-11-15T22:55:28 CLST" skipped="0">
  <testcase classname="frameWorkAutomatizacionA_Castro.automatizacion.PageTrello" name="BaseNavegacionPag" time="2.775"/>
  <system-out/>
</testsuite> <!-- frameWorkAutomatizacionA_Castro.automatizacion.PageTrello -->
